2023-11-29 18:32:18,169 - INFO - This is an info message from chat_token_brilliantcrypto
2023-11-29 18:32:18,170 - INFO - logging in using static token
2023-11-29 18:32:18,807 - INFO - Shard ID None has sent the IDENTIFY payload.
2023-11-29 18:32:19,197 - INFO - Shard ID None has connected to Gateway: ["gateway-prd-us-east1-c-t0bx",{"micros":161423,"calls":["id_created",{"micros":1360,"calls":[]},"session_lookup_time",{"micros":416,"calls":[]},"session_lookup_finished",{"micros":12,"calls":[]},"discord-sessions-prd-2-230",{"micros":158889,"calls":["start_session",{"micros":73226,"calls":["discord-api-5b976cf5c-nt9lb",{"micros":65711,"calls":["get_user",{"micros":10733},"get_guilds",{"micros":7495},"send_scheduled_deletion_message",{"micros":13},"guild_join_requests",{"micros":2},"authorized_ip_coro",{"micros":20}]}]},"starting_guild_connect",{"micros":79,"calls":[]},"presence_started",{"micros":406,"calls":[]},"guilds_started",{"micros":114,"calls":[]},"guilds_connect",{"micros":1,"calls":[]},"presence_connect",{"micros":85003,"calls":[]},"connect_finished",{"micros":85008,"calls":[]},"build_ready",{"micros":22,"calls":[]},"clean_ready",{"micros":1,"calls":[]},"optimize_ready",{"micros":1,"calls":[]},"split_ready",{"micros":30,"calls":[]}]}]}] (Session ID: a23d76afa1c6694907d5e222fc81d4e8).
2023-11-29 18:32:21,202 - INFO - 1162108644842819766: Brilliantcrypto Chat Bot#8825 is now online!
2023-11-29 18:32:21,225 - INFO - on_ready: 2023-11-29 12:00:00, 100
2023-11-29 18:32:21,228 - INFO - Next give time: 2023-11-29 18:19:56.991315
2023-11-29 18:32:21,228 - INFO - resetting tokens at, 2023-11-29 12:00:00, SF
2023-11-29 18:32:21,234 - INFO - Next give time: 2023-11-29 18:42:08.997768
2023-11-29 18:32:50,451 - ERROR - Error in button_token_cycles: 'NoneType' object is not iterable
2023-11-29 18:32:58,846 - ERROR - Error in button_token_users: 'NoneType' object is not iterable
2023-11-29 18:33:00,917 - ERROR - Error in button_token_channels: (1064, "You have an error in your SQL syntax; check the manual that corresponds to your MySQL server version for the right syntax to use near 'select distinct '1' as id, '1179354039209709578' channel_id, 'general-kr' channe' at line 13")
2023-11-29 18:37:26,452 - INFO - This is an info message from chat_token_brilliantcrypto
2023-11-29 18:37:26,453 - INFO - logging in using static token
2023-11-29 18:37:27,040 - INFO - Shard ID None has sent the IDENTIFY payload.
2023-11-29 18:37:27,354 - INFO - Shard ID None has connected to Gateway: ["gateway-prd-us-east1-c-crbn",{"micros":119381,"calls":["id_created",{"micros":858,"calls":[]},"session_lookup_time",{"micros":8821,"calls":[]},"session_lookup_finished",{"micros":12,"calls":[]},"discord-sessions-prd-2-278",{"micros":108561,"calls":["start_session",{"micros":53981,"calls":["discord-api-5b976cf5c-68lhr",{"micros":46338,"calls":["get_user",{"micros":8847},"get_guilds",{"micros":3370},"send_scheduled_deletion_message",{"micros":7},"guild_join_requests",{"micros":158},"authorized_ip_coro",{"micros":11}]}]},"starting_guild_connect",{"micros":54,"calls":[]},"presence_started",{"micros":259,"calls":[]},"guilds_started",{"micros":70,"calls":[]},"guilds_connect",{"micros":1,"calls":[]},"presence_connect",{"micros":54152,"calls":[]},"connect_finished",{"micros":54157,"calls":[]},"build_ready",{"micros":17,"calls":[]},"clean_ready",{"micros":1,"calls":[]},"optimize_ready",{"micros":20,"calls":[]},"split_ready",{"micros":0,"calls":[]}]}]}] (Session ID: e01c2c98fb4197b557731c27804760c5).
2023-11-29 18:37:29,359 - INFO - 1162108644842819766: Brilliantcrypto Chat Bot#8825 is now online!
2023-11-29 18:37:29,361 - INFO - on_ready: 2023-11-30 00:00:00, 100
2023-11-29 18:37:29,364 - INFO - Next give time: 2023-11-29 18:47:18.883560
2023-11-29 18:38:01,573 - INFO - This is an info message from chat_token_brilliantcrypto
2023-11-29 18:38:01,574 - INFO - logging in using static token
2023-11-29 18:38:02,207 - INFO - Shard ID None has sent the IDENTIFY payload.
2023-11-29 18:38:02,589 - INFO - Shard ID None has connected to Gateway: ["gateway-prd-us-east1-b-g0qw",{"micros":142973,"calls":["id_created",{"micros":1190,"calls":[]},"session_lookup_time",{"micros":10233,"calls":[]},"session_lookup_finished",{"micros":17,"calls":[]},"discord-sessions-prd-2-172",{"micros":131068,"calls":["start_session",{"micros":84664,"calls":["discord-api-5b976cf5c-bng68",{"micros":73341,"calls":["get_user",{"micros":14007},"get_guilds",{"micros":6516},"send_scheduled_deletion_message",{"micros":10},"guild_join_requests",{"micros":3826},"authorized_ip_coro",{"micros":13}]}]},"starting_guild_connect",{"micros":57,"calls":[]},"presence_started",{"micros":326,"calls":[]},"guilds_started",{"micros":84,"calls":[]},"guilds_connect",{"micros":1,"calls":[]},"presence_connect",{"micros":45877,"calls":[]},"connect_finished",{"micros":45882,"calls":[]},"build_ready",{"micros":20,"calls":[]},"clean_ready",{"micros":1,"calls":[]},"optimize_ready",{"micros":31,"calls":[]},"split_ready",{"micros":1,"calls":[]}]}]}] (Session ID: 754109e9a8658c55525896132a8edaf9).
2023-11-29 18:38:04,594 - INFO - 1162108644842819766: Brilliantcrypto Chat Bot#8825 is now online!
2023-11-29 18:38:04,597 - INFO - on_ready: 2023-11-30 00:00:00, 100000
2023-11-29 18:38:04,599 - INFO - Next give time: 2023-11-29 18:37:52.179318
2023-11-29 18:38:09,760 - INFO - general-kr -> ssamzhang : 2
2023-11-29 18:38:10,355 - INFO - Next give time: 2023-11-29 18:39:27.935186
2023-11-29 18:38:26,054 - ERROR - Error in button_token_channels: (1064, "You have an error in your SQL syntax; check the manual that corresponds to your MySQL server version for the right syntax to use near 'select distinct '1' as id, '1179354039209709578' channel_id, 'general-kr' channe' at line 13")
2023-11-29 18:44:51,916 - INFO - This is an info message from chat_token_brilliantcrypto
2023-11-29 18:44:51,916 - INFO - logging in using static token
2023-11-29 18:44:52,553 - INFO - Shard ID None has sent the IDENTIFY payload.
2023-11-29 18:44:52,908 - INFO - Shard ID None has connected to Gateway: ["gateway-prd-us-east1-c-016n",{"micros":160752,"calls":["id_created",{"micros":671,"calls":[]},"session_lookup_time",{"micros":364,"calls":[]},"session_lookup_finished",{"micros":16,"calls":[]},"discord-sessions-prd-2-95",{"micros":159225,"calls":["start_session",{"micros":87380,"calls":["discord-api-5b976cf5c-dzv4p",{"micros":80096,"calls":["get_user",{"micros":7473},"get_guilds",{"micros":6407},"send_scheduled_deletion_message",{"micros":8},"guild_join_requests",{"micros":218},"authorized_ip_coro",{"micros":11}]}]},"starting_guild_connect",{"micros":57,"calls":[]},"presence_started",{"micros":389,"calls":[]},"guilds_started",{"micros":90,"calls":[]},"guilds_connect",{"micros":1,"calls":[]},"presence_connect",{"micros":71250,"calls":[]},"connect_finished",{"micros":71255,"calls":[]},"build_ready",{"micros":20,"calls":[]},"clean_ready",{"micros":1,"calls":[]},"optimize_ready",{"micros":31,"calls":[]},"split_ready",{"micros":1,"calls":[]}]}]}] (Session ID: e0236f6170b64bc9de70c0a2d42de9a4).
2023-11-29 18:44:54,924 - INFO - 1162108644842819766: Brilliantcrypto Chat Bot#8825 is now online!
2023-11-29 18:44:54,929 - INFO - on_ready: 2023-12-02 00:00:00, 1000000
2023-11-29 18:44:54,933 - INFO - Next give time: 2023-11-29 18:44:42.508270
2023-11-29 18:45:01,710 - INFO - general-kr -> ssamzhang : 5
2023-11-29 18:45:02,135 - INFO - Next give time: 2023-11-29 18:45:01.710436
2023-11-29 18:45:19,101 - INFO - general-kr -> ssamzhang : 4
2023-11-29 18:45:19,419 - INFO - Next give time: 2023-11-29 18:45:01.994562
2023-11-29 18:46:04,704 - INFO - general-kr -> ssamzhang : 5
2023-11-29 18:46:05,141 - INFO - Next give time: 2023-11-29 20:27:16.768142
2023-11-29 18:46:44,121 - INFO - This is an info message from chat_token_brilliantcrypto
2023-11-29 18:46:44,121 - INFO - logging in using static token
2023-11-29 18:46:44,706 - INFO - Shard ID None has sent the IDENTIFY payload.
2023-11-29 18:46:45,030 - INFO - Shard ID None has connected to Gateway: ["gateway-prd-us-east1-c-9fg9",{"micros":129792,"calls":["id_created",{"micros":1017,"calls":[]},"session_lookup_time",{"micros":305,"calls":[]},"session_lookup_finished",{"micros":16,"calls":[]},"discord-sessions-prd-2-143",{"micros":125998,"calls":["start_session",{"micros":63890,"calls":["discord-api-5b976cf5c-jkr6r",{"micros":49444,"calls":["get_user",{"micros":8142},"get_guilds",{"micros":8752},"send_scheduled_deletion_message",{"micros":8},"guild_join_requests",{"micros":1},"authorized_ip_coro",{"micros":8}]}]},"starting_guild_connect",{"micros":66,"calls":[]},"presence_started",{"micros":338,"calls":[]},"guilds_started",{"micros":96,"calls":[]},"guilds_connect",{"micros":2,"calls":[]},"presence_connect",{"micros":61542,"calls":[]},"connect_finished",{"micros":61549,"calls":[]},"build_ready",{"micros":27,"calls":[]},"clean_ready",{"micros":1,"calls":[]},"optimize_ready",{"micros":27,"calls":[]},"split_ready",{"micros":2,"calls":[]}]}]}] (Session ID: 1934772bb537ec71995f46054af721de).
2023-11-29 18:46:47,044 - INFO - 1162108644842819766: Brilliantcrypto Chat Bot#8825 is now online!
2023-11-29 18:46:47,046 - INFO - on_ready: 2023-12-02 00:00:00, 95
2023-11-29 18:46:47,048 - INFO - Next give time: 2023-11-29 20:27:31.352655
2023-11-29 19:02:45,994 - INFO - Got a request to RESUME the websocket.
2023-11-29 19:02:46,311 - INFO - Shard ID None has sent the RESUME payload.
2023-11-29 19:02:46,538 - INFO - Shard ID None has successfully RESUMED session 1934772bb537ec71995f46054af721de under trace ["gateway-prd-us-east1-b-tttl",{"micros":635,"calls":["id_created",{"micros":0,"calls":[]},"session_lookup_time",{"micros":342,"calls":[]},"session_lookup_finished",{"micros":12,"calls":[]},"discord-sessions-prd-2-143",{"micros":25}]}].
2023-11-29 21:09:51,239 - INFO - Got a request to RESUME the websocket.
2023-11-29 21:09:51,556 - INFO - Shard ID None has sent the RESUME payload.
2023-11-29 21:09:51,760 - INFO - Shard ID None has successfully RESUMED session 1934772bb537ec71995f46054af721de under trace ["gateway-prd-us-east1-c-qmtk",{"micros":5917,"calls":["id_created",{"micros":0,"calls":[]},"session_lookup_time",{"micros":5681,"calls":[]},"session_lookup_finished",{"micros":14,"calls":[]},"discord-sessions-prd-2-143",{"micros":28}]}].
2023-11-29 21:31:01,168 - INFO - Got a request to RESUME the websocket.
2023-11-29 21:31:01,477 - INFO - Shard ID None has sent the RESUME payload.
2023-11-29 21:31:01,674 - INFO - Shard ID None has successfully RESUMED session 1934772bb537ec71995f46054af721de under trace ["gateway-prd-us-east1-b-xk4v",{"micros":819,"calls":["id_created",{"micros":0,"calls":[]},"session_lookup_time",{"micros":383,"calls":[]},"session_lookup_finished",{"micros":18,"calls":[]},"discord-sessions-prd-2-143",{"micros":27}]}].
2023-11-29 22:35:31,319 - INFO - Websocket closed with WSCloseCode.ABNORMAL_CLOSURE, attempting a reconnect.
2023-11-29 22:35:31,319 - INFO - Got a request to RESUME the websocket.
2023-11-29 22:35:31,636 - INFO - Shard ID None has sent the RESUME payload.
2023-11-29 22:35:31,832 - INFO - Shard ID None has successfully RESUMED session 1934772bb537ec71995f46054af721de under trace ["gateway-prd-us-east1-c-9fg9",{"micros":1603,"calls":["id_created",{"micros":0,"calls":[]},"session_lookup_time",{"micros":346,"calls":[]},"session_lookup_finished",{"micros":16,"calls":[]},"discord-sessions-prd-2-143",{"micros":27}]}].
2023-11-29 22:54:35,269 - INFO - Websocket closed with WSCloseCode.ABNORMAL_CLOSURE, attempting a reconnect.
2023-11-29 22:54:35,270 - INFO - Got a request to RESUME the websocket.
2023-11-29 22:54:35,599 - INFO - Shard ID None has sent the RESUME payload.
2023-11-29 22:54:35,829 - INFO - Shard ID None has successfully RESUMED session 1934772bb537ec71995f46054af721de under trace ["gateway-prd-us-east1-b-x3fr",{"micros":705,"calls":["id_created",{"micros":0,"calls":[]},"session_lookup_time",{"micros":328,"calls":[]},"session_lookup_finished",{"micros":19,"calls":[]},"discord-sessions-prd-2-143",{"micros":32}]}].
2023-11-30 01:58:34,162 - INFO - Got a request to RESUME the websocket.
2023-11-30 01:58:34,482 - INFO - Shard ID None has sent the RESUME payload.
2023-11-30 01:58:34,710 - INFO - Shard ID None has successfully RESUMED session 1934772bb537ec71995f46054af721de under trace ["gateway-prd-us-east1-c-w43j",{"micros":2443,"calls":["id_created",{"micros":0,"calls":[]},"session_lookup_time",{"micros":295,"calls":[]},"session_lookup_finished",{"micros":15,"calls":[]},"discord-sessions-prd-2-143",{"micros":37}]}].
2023-11-30 03:15:32,523 - INFO - Got a request to RESUME the websocket.
2023-11-30 03:15:32,831 - INFO - Shard ID None has sent the RESUME payload.
2023-11-30 03:15:33,027 - INFO - Shard ID None has successfully RESUMED session 1934772bb537ec71995f46054af721de under trace ["gateway-prd-us-east1-d-6nsk",{"micros":718,"calls":["id_created",{"micros":0,"calls":[]},"session_lookup_time",{"micros":410,"calls":[]},"session_lookup_finished",{"micros":14,"calls":[]},"discord-sessions-prd-2-143",{"micros":20}]}].
2023-11-30 05:35:49,637 - INFO - Got a request to RESUME the websocket.
2023-11-30 05:35:49,946 - INFO - Shard ID None has sent the RESUME payload.
2023-11-30 05:35:50,170 - INFO - Shard ID None has successfully RESUMED session 1934772bb537ec71995f46054af721de under trace ["gateway-prd-us-east1-c-w43j",{"micros":499,"calls":["id_created",{"micros":0,"calls":[]},"session_lookup_time",{"micros":241,"calls":[]},"session_lookup_finished",{"micros":18,"calls":[]},"discord-sessions-prd-2-143",{"micros":25}]}].
2023-11-30 06:28:34,303 - INFO - Got a request to RESUME the websocket.
2023-11-30 06:28:34,608 - INFO - Shard ID None has sent the RESUME payload.
2023-11-30 06:28:34,807 - INFO - Shard ID None has successfully RESUMED session 1934772bb537ec71995f46054af721de under trace ["gateway-prd-us-east1-c-9xh4",{"micros":5726,"calls":["id_created",{"micros":0,"calls":[]},"session_lookup_time",{"micros":235,"calls":[]},"session_lookup_finished",{"micros":36,"calls":[]},"discord-sessions-prd-2-143",{"micros":25}]}].
2023-11-30 07:01:47,119 - INFO - Got a request to RESUME the websocket.
2023-11-30 07:01:47,427 - INFO - Shard ID None has sent the RESUME payload.
2023-11-30 07:01:47,653 - INFO - Shard ID None has successfully RESUMED session 1934772bb537ec71995f46054af721de under trace ["gateway-prd-us-east1-b-gvzn",{"micros":727,"calls":["id_created",{"micros":0,"calls":[]},"session_lookup_time",{"micros":410,"calls":[]},"session_lookup_finished",{"micros":20,"calls":[]},"discord-sessions-prd-2-143",{"micros":26}]}].
2023-11-30 07:26:42,861 - INFO - Websocket closed with WSCloseCode.ABNORMAL_CLOSURE, attempting a reconnect.
2023-11-30 07:26:42,861 - INFO - Got a request to RESUME the websocket.
2023-11-30 07:26:43,167 - INFO - Shard ID None has sent the RESUME payload.
2023-11-30 07:26:43,361 - INFO - Shard ID None has successfully RESUMED session 1934772bb537ec71995f46054af721de under trace ["gateway-prd-us-east1-d-rdrs",{"micros":763,"calls":["id_created",{"micros":0,"calls":[]},"session_lookup_time",{"micros":432,"calls":[]},"session_lookup_finished",{"micros":17,"calls":[]},"discord-sessions-prd-2-143",{"micros":35}]}].
2023-11-30 07:47:32,546 - INFO - Websocket closed with WSCloseCode.ABNORMAL_CLOSURE, attempting a reconnect.
2023-11-30 07:47:32,547 - INFO - Got a request to RESUME the websocket.
2023-11-30 07:47:32,867 - INFO - Shard ID None has sent the RESUME payload.
2023-11-30 07:47:33,063 - INFO - Shard ID None has successfully RESUMED session 1934772bb537ec71995f46054af721de under trace ["gateway-prd-us-east1-c-qpr0",{"micros":808,"calls":["id_created",{"micros":0,"calls":[]},"session_lookup_time",{"micros":359,"calls":[]},"session_lookup_finished",{"micros":16,"calls":[]},"discord-sessions-prd-2-143",{"micros":56}]}].
2023-11-30 09:30:59,279 - INFO - Got a request to RESUME the websocket.
2023-11-30 09:30:59,593 - INFO - Shard ID None has sent the RESUME payload.
2023-11-30 09:30:59,817 - INFO - Shard ID None has successfully RESUMED session 1934772bb537ec71995f46054af721de under trace ["gateway-prd-us-east1-b-x4ph",{"micros":775,"calls":["id_created",{"micros":0,"calls":[]},"session_lookup_time",{"micros":413,"calls":[]},"session_lookup_finished",{"micros":13,"calls":[]},"discord-sessions-prd-2-143",{"micros":45}]}].
2023-11-30 10:01:29,514 - INFO - Websocket closed with WSCloseCode.ABNORMAL_CLOSURE, attempting a reconnect.
2023-11-30 10:01:29,515 - INFO - Got a request to RESUME the websocket.
2023-11-30 10:01:29,821 - INFO - Shard ID None has sent the RESUME payload.
2023-11-30 10:01:30,016 - INFO - Shard ID None has successfully RESUMED session 1934772bb537ec71995f46054af721de under trace ["gateway-prd-us-east1-b-x3fr",{"micros":668,"calls":["id_created",{"micros":0,"calls":[]},"session_lookup_time",{"micros":318,"calls":[]},"session_lookup_finished",{"micros":13,"calls":[]},"discord-sessions-prd-2-143",{"micros":22}]}].
2023-11-30 11:14:27,368 - INFO - Got a request to RESUME the websocket.
2023-11-30 11:14:27,688 - INFO - Shard ID None has sent the RESUME payload.
2023-11-30 11:14:27,912 - INFO - Shard ID None has successfully RESUMED session 1934772bb537ec71995f46054af721de under trace ["gateway-prd-us-east1-c-326c",{"micros":516,"calls":["id_created",{"micros":0,"calls":[]},"session_lookup_time",{"micros":232,"calls":[]},"session_lookup_finished",{"micros":13,"calls":[]},"discord-sessions-prd-2-143",{"micros":26}]}].
2023-11-30 14:28:07,419 - INFO - Got a request to RESUME the websocket.
2023-11-30 14:28:07,751 - INFO - Shard ID None has sent the RESUME payload.
2023-11-30 14:28:07,978 - INFO - Shard ID None has successfully RESUMED session 1934772bb537ec71995f46054af721de under trace ["gateway-prd-us-east1-b-15ng",{"micros":673,"calls":["id_created",{"micros":0,"calls":[]},"session_lookup_time",{"micros":278,"calls":[]},"session_lookup_finished",{"micros":12,"calls":[]},"discord-sessions-prd-2-143",{"micros":28}]}].
2023-11-30 14:48:30,269 - INFO - Websocket closed with WSCloseCode.ABNORMAL_CLOSURE, attempting a reconnect.
2023-11-30 14:48:30,272 - INFO - Got a request to RESUME the websocket.
2023-11-30 14:48:30,652 - INFO - Shard ID None has sent the RESUME payload.
2023-11-30 14:48:30,880 - INFO - Shard ID None has successfully RESUMED session 1934772bb537ec71995f46054af721de under trace ["gateway-prd-us-east1-d-xdwx",{"micros":651,"calls":["id_created",{"micros":0,"calls":[]},"session_lookup_time",{"micros":329,"calls":[]},"session_lookup_finished",{"micros":19,"calls":[]},"discord-sessions-prd-2-143",{"micros":39}]}].
2023-11-30 15:23:04,728 - INFO - Got a request to RESUME the websocket.
2023-11-30 15:23:05,055 - INFO - Shard ID None has sent the RESUME payload.
2023-11-30 15:23:05,249 - INFO - Shard ID None has successfully RESUMED session 1934772bb537ec71995f46054af721de under trace ["gateway-prd-us-east1-d-clgf",{"micros":646,"calls":["id_created",{"micros":0,"calls":[]},"session_lookup_time",{"micros":352,"calls":[]},"session_lookup_finished",{"micros":18,"calls":[]},"discord-sessions-prd-2-143",{"micros":22}]}].
2023-11-30 15:56:45,024 - INFO - Websocket closed with WSCloseCode.ABNORMAL_CLOSURE, attempting a reconnect.
2023-11-30 15:56:45,025 - INFO - Got a request to RESUME the websocket.
2023-11-30 15:56:45,362 - INFO - Shard ID None has sent the RESUME payload.
2023-11-30 15:56:45,588 - INFO - Shard ID None has successfully RESUMED session 1934772bb537ec71995f46054af721de under trace ["gateway-prd-us-east1-b-dqzg",{"micros":872,"calls":["id_created",{"micros":0,"calls":[]},"session_lookup_time",{"micros":399,"calls":[]},"session_lookup_finished",{"micros":13,"calls":[]},"discord-sessions-prd-2-143",{"micros":22}]}].
2023-11-30 16:10:15,574 - INFO - Websocket closed with WSCloseCode.ABNORMAL_CLOSURE, attempting a reconnect.
2023-11-30 16:10:15,575 - INFO - Got a request to RESUME the websocket.
2023-11-30 16:10:15,910 - INFO - Shard ID None has sent the RESUME payload.
2023-11-30 16:10:16,136 - INFO - Shard ID None has successfully RESUMED session 1934772bb537ec71995f46054af721de under trace ["gateway-prd-us-east1-b-qq02",{"micros":624,"calls":["id_created",{"micros":0,"calls":[]},"session_lookup_time",{"micros":292,"calls":[]},"session_lookup_finished",{"micros":12,"calls":[]},"discord-sessions-prd-2-143",{"micros":22}]}].
2023-11-30 17:27:04,960 - INFO - Got a request to RESUME the websocket.
2023-11-30 17:27:05,288 - INFO - Shard ID None has sent the RESUME payload.
2023-11-30 17:27:05,512 - INFO - Shard ID None has successfully RESUMED session 1934772bb537ec71995f46054af721de under trace ["gateway-prd-us-east1-d-l4gd",{"micros":572,"calls":["id_created",{"micros":0,"calls":[]},"session_lookup_time",{"micros":283,"calls":[]},"session_lookup_finished",{"micros":14,"calls":[]},"discord-sessions-prd-2-143",{"micros":23}]}].
2023-11-30 17:45:39,416 - INFO - Websocket closed with WSCloseCode.ABNORMAL_CLOSURE, attempting a reconnect.
2023-11-30 17:45:39,417 - INFO - Got a request to RESUME the websocket.
2023-11-30 17:45:39,739 - INFO - Shard ID None has sent the RESUME payload.
2023-11-30 17:45:39,936 - INFO - Shard ID None has successfully RESUMED session 1934772bb537ec71995f46054af721de under trace ["gateway-prd-us-east1-b-trf4",{"micros":743,"calls":["id_created",{"micros":0,"calls":[]},"session_lookup_time",{"micros":350,"calls":[]},"session_lookup_finished",{"micros":13,"calls":[]},"discord-sessions-prd-2-143",{"micros":22}]}].
2023-11-30 18:15:11,221 - INFO - Got a request to RESUME the websocket.
2023-11-30 18:15:11,567 - INFO - Shard ID None has sent the RESUME payload.
2023-11-30 18:15:11,793 - INFO - Shard ID None has successfully RESUMED session 1934772bb537ec71995f46054af721de under trace ["gateway-prd-us-east1-b-qq02",{"micros":722,"calls":["id_created",{"micros":0,"calls":[]},"session_lookup_time",{"micros":318,"calls":[]},"session_lookup_finished",{"micros":12,"calls":[]},"discord-sessions-prd-2-143",{"micros":21}]}].
2023-11-30 19:17:43,278 - INFO - Got a request to RESUME the websocket.
2023-11-30 19:17:43,608 - INFO - Shard ID None has sent the RESUME payload.
2023-11-30 19:17:43,839 - INFO - Shard ID None has successfully RESUMED session 1934772bb537ec71995f46054af721de under trace ["gateway-prd-us-east1-d-44x8",{"micros":607,"calls":["id_created",{"micros":0,"calls":[]},"session_lookup_time",{"micros":315,"calls":[]},"session_lookup_finished",{"micros":13,"calls":[]},"discord-sessions-prd-2-143",{"micros":26}]}].
2023-11-30 19:27:40,881 - INFO - Websocket closed with WSCloseCode.ABNORMAL_CLOSURE, attempting a reconnect.
2023-11-30 19:27:40,882 - INFO - Got a request to RESUME the websocket.
2023-11-30 19:27:41,214 - INFO - Shard ID None has sent the RESUME payload.
2023-11-30 19:27:41,441 - INFO - Shard ID None has successfully RESUMED session 1934772bb537ec71995f46054af721de under trace ["gateway-prd-us-east1-b-8d78",{"micros":740,"calls":["id_created",{"micros":0,"calls":[]},"session_lookup_time",{"micros":370,"calls":[]},"session_lookup_finished",{"micros":15,"calls":[]},"discord-sessions-prd-2-143",{"micros":27}]}].
2023-11-30 22:51:35,205 - INFO - Got a request to RESUME the websocket.
2023-11-30 22:51:35,546 - INFO - Shard ID None has sent the RESUME payload.
2023-11-30 22:51:35,777 - INFO - Shard ID None has successfully RESUMED session 1934772bb537ec71995f46054af721de under trace ["gateway-prd-us-east1-b-15ng",{"micros":811,"calls":["id_created",{"micros":0,"calls":[]},"session_lookup_time",{"micros":395,"calls":[]},"session_lookup_finished",{"micros":14,"calls":[]},"discord-sessions-prd-2-143",{"micros":31}]}].
2023-11-30 23:20:43,743 - INFO - Got a request to RESUME the websocket.
2023-11-30 23:20:44,065 - INFO - Shard ID None has sent the RESUME payload.
2023-11-30 23:20:44,292 - INFO - Shard ID None has successfully RESUMED session 1934772bb537ec71995f46054af721de under trace ["gateway-prd-us-east1-d-mpkj",{"micros":756,"calls":["id_created",{"micros":0,"calls":[]},"session_lookup_time",{"micros":335,"calls":[]},"session_lookup_finished",{"micros":15,"calls":[]},"discord-sessions-prd-2-143",{"micros":27}]}].
2023-12-01 02:08:07,835 - INFO - Got a request to RESUME the websocket.
2023-12-01 02:08:08,154 - INFO - Shard ID None has sent the RESUME payload.
2023-12-01 02:08:08,379 - INFO - Shard ID None has successfully RESUMED session 1934772bb537ec71995f46054af721de under trace ["gateway-prd-us-east1-c-mgmx",{"micros":2269,"calls":["id_created",{"micros":0,"calls":[]},"session_lookup_time",{"micros":1822,"calls":[]},"session_lookup_finished",{"micros":12,"calls":[]},"discord-sessions-prd-2-143",{"micros":65}]}].
2023-12-01 04:53:00,568 - INFO - Got a request to RESUME the websocket.
2023-12-01 04:53:00,889 - INFO - Shard ID None has sent the RESUME payload.
2023-12-01 04:53:01,089 - INFO - Shard ID None has successfully RESUMED session 1934772bb537ec71995f46054af721de under trace ["gateway-prd-us-east1-d-m8bk",{"micros":599,"calls":["id_created",{"micros":0,"calls":[]},"session_lookup_time",{"micros":300,"calls":[]},"session_lookup_finished",{"micros":15,"calls":[]},"discord-sessions-prd-2-143",{"micros":28}]}].
2023-12-01 05:32:06,999 - INFO - Websocket closed with WSCloseCode.ABNORMAL_CLOSURE, attempting a reconnect.
2023-12-01 05:32:07,000 - INFO - Got a request to RESUME the websocket.
2023-12-01 05:32:07,316 - INFO - Shard ID None has sent the RESUME payload.
2023-12-01 05:32:07,578 - INFO - Shard ID None has successfully RESUMED session 1934772bb537ec71995f46054af721de under trace ["gateway-prd-us-east1-b-s3m0",{"micros":38623,"calls":["id_created",{"micros":0,"calls":[]},"session_lookup_time",{"micros":38154,"calls":[]},"session_lookup_finished",{"micros":18,"calls":[]},"discord-sessions-prd-2-143",{"micros":23}]}].
2023-12-01 08:05:29,940 - INFO - Got a request to RESUME the websocket.
2023-12-01 08:05:30,274 - INFO - Shard ID None has sent the RESUME payload.
2023-12-01 08:05:30,487 - INFO - Shard ID None has successfully RESUMED session 1934772bb537ec71995f46054af721de under trace ["gateway-prd-us-east1-d-10rz",{"micros":18583,"calls":["id_created",{"micros":0,"calls":[]},"session_lookup_time",{"micros":18248,"calls":[]},"session_lookup_finished",{"micros":14,"calls":[]},"discord-sessions-prd-2-143",{"micros":38}]}].
2023-12-01 08:50:43,160 - INFO - Got a request to RESUME the websocket.
2023-12-01 08:50:43,493 - INFO - Shard ID None has sent the RESUME payload.
2023-12-01 08:50:43,719 - INFO - Shard ID None has successfully RESUMED session 1934772bb537ec71995f46054af721de under trace ["gateway-prd-us-east1-d-6nnc",{"micros":559,"calls":["id_created",{"micros":0,"calls":[]},"session_lookup_time",{"micros":322,"calls":[]},"session_lookup_finished",{"micros":16,"calls":[]},"discord-sessions-prd-2-143",{"micros":19}]}].
2023-12-01 09:57:08,641 - INFO - Got a request to RESUME the websocket.
2023-12-01 09:57:08,946 - INFO - Shard ID None has sent the RESUME payload.
2023-12-01 09:57:09,141 - INFO - Shard ID None has successfully RESUMED session 1934772bb537ec71995f46054af721de under trace ["gateway-prd-us-east1-b-szwm",{"micros":683,"calls":["id_created",{"micros":0,"calls":[]},"session_lookup_time",{"micros":332,"calls":[]},"session_lookup_finished",{"micros":17,"calls":[]},"discord-sessions-prd-2-143",{"micros":24}]}].
2023-12-01 13:00:49,147 - INFO - Got a request to RESUME the websocket.
2023-12-01 13:00:49,459 - INFO - Shard ID None has sent the RESUME payload.
2023-12-01 13:00:49,650 - INFO - Shard ID None has successfully RESUMED session 1934772bb537ec71995f46054af721de under trace ["gateway-prd-us-east1-d-rdrs",{"micros":557,"calls":["id_created",{"micros":0,"calls":[]},"session_lookup_time",{"micros":274,"calls":[]},"session_lookup_finished",{"micros":22,"calls":[]},"discord-sessions-prd-2-143",{"micros":27}]}].
2023-12-01 15:16:18,022 - INFO - Got a request to RESUME the websocket.
2023-12-01 15:16:18,339 - INFO - Shard ID None has sent the RESUME payload.
2023-12-01 15:16:18,567 - INFO - Shard ID None has successfully RESUMED session 1934772bb537ec71995f46054af721de under trace ["gateway-prd-us-east1-c-b3pd",{"micros":3559,"calls":["id_created",{"micros":0,"calls":[]},"session_lookup_time",{"micros":3274,"calls":[]},"session_lookup_finished",{"micros":26,"calls":[]},"discord-sessions-prd-2-143",{"micros":24}]}].
2023-12-01 15:48:55,225 - INFO - Got a request to RESUME the websocket.
2023-12-01 15:48:55,552 - INFO - Shard ID None has sent the RESUME payload.
2023-12-01 15:48:55,779 - INFO - Shard ID None has successfully RESUMED session 1934772bb537ec71995f46054af721de under trace ["gateway-prd-us-east1-d-ss4n",{"micros":618,"calls":["id_created",{"micros":0,"calls":[]},"session_lookup_time",{"micros":321,"calls":[]},"session_lookup_finished",{"micros":12,"calls":[]},"discord-sessions-prd-2-143",{"micros":27}]}].
2023-12-01 16:40:40,236 - INFO - general-kr -> ssamzhang : 3
2023-12-01 16:40:41,855 - INFO - Next give time: 2023-12-02 20:09:35.463147
2023-12-01 16:46:01,804 - INFO - This is an info message from chat_token_brilliantcrypto
2023-12-01 16:46:01,805 - INFO - logging in using static token
2023-12-01 16:46:02,464 - INFO - Shard ID None has sent the IDENTIFY payload.
2023-12-01 16:46:02,804 - INFO - Shard ID None has connected to Gateway: ["gateway-prd-us-east1-d-jt96",{"micros":144039,"calls":["id_created",{"micros":1173,"calls":[]},"session_lookup_time",{"micros":397,"calls":[]},"session_lookup_finished",{"micros":16,"calls":[]},"discord-sessions-prd-2-6",{"micros":142171,"calls":["start_session",{"micros":50469,"calls":["discord-api-7964cf5c87-fwg6x",{"micros":45120,"calls":["get_user",{"micros":7453},"get_guilds",{"micros":4200},"send_scheduled_deletion_message",{"micros":11},"guild_join_requests",{"micros":1},"authorized_ip_coro",{"micros":11}]}]},"starting_guild_connect",{"micros":104,"calls":[]},"presence_started",{"micros":291,"calls":[]},"guilds_started",{"micros":97,"calls":[]},"guilds_connect",{"micros":1,"calls":[]},"presence_connect",{"micros":91162,"calls":[]},"connect_finished",{"micros":91168,"calls":[]},"build_ready",{"micros":19,"calls":[]},"clean_ready",{"micros":1,"calls":[]},"optimize_ready",{"micros":21,"calls":[]},"split_ready",{"micros":0,"calls":[]}]}]}] (Session ID: 6dfb7847550a301d42a58b2073c845ae).
2023-12-01 16:46:04,809 - INFO - 1162108644842819766: Brilliantcrypto Chat Bot#8825 is now online!
2023-12-01 16:46:04,811 - INFO - on_ready: 3068-02-24 12:00:00, 999997
2023-12-01 16:46:04,813 - INFO - Next give time: 2023-12-02 20:14:19.420417
2023-12-01 17:56:42,224 - INFO - Got a request to RESUME the websocket.
2023-12-01 17:56:42,548 - INFO - Shard ID None has sent the RESUME payload.
2023-12-01 17:56:42,745 - INFO - Shard ID None has successfully RESUMED session 6dfb7847550a301d42a58b2073c845ae under trace ["gateway-prd-us-east1-d-gsr9",{"micros":821,"calls":["id_created",{"micros":0,"calls":[]},"session_lookup_time",{"micros":441,"calls":[]},"session_lookup_finished",{"micros":10,"calls":[]},"discord-sessions-prd-2-6",{"micros":23}]}].
2023-12-01 20:14:09,646 - INFO - Got a request to RESUME the websocket.
2023-12-01 20:14:09,982 - INFO - Shard ID None has sent the RESUME payload.
2023-12-01 20:14:10,213 - INFO - Shard ID None has successfully RESUMED session 6dfb7847550a301d42a58b2073c845ae under trace ["gateway-prd-us-east1-b-6shp",{"micros":606,"calls":["id_created",{"micros":0,"calls":[]},"session_lookup_time",{"micros":302,"calls":[]},"session_lookup_finished",{"micros":17,"calls":[]},"discord-sessions-prd-2-6",{"micros":26}]}].
2023-12-01 20:33:02,535 - INFO - Got a request to RESUME the websocket.
2023-12-01 20:33:02,864 - INFO - Shard ID None has sent the RESUME payload.
2023-12-01 20:33:03,088 - INFO - Shard ID None has successfully RESUMED session 6dfb7847550a301d42a58b2073c845ae under trace ["gateway-prd-us-east1-b-wmv5",{"micros":795,"calls":["id_created",{"micros":0,"calls":[]},"session_lookup_time",{"micros":414,"calls":[]},"session_lookup_finished",{"micros":32,"calls":[]},"discord-sessions-prd-2-6",{"micros":21}]}].
2023-12-01 20:57:23,498 - INFO - Websocket closed with WSCloseCode.ABNORMAL_CLOSURE, attempting a reconnect.
2023-12-01 20:57:23,499 - INFO - Got a request to RESUME the websocket.
2023-12-01 20:57:23,815 - INFO - Shard ID None has sent the RESUME payload.
2023-12-01 20:57:24,039 - INFO - Shard ID None has successfully RESUMED session 6dfb7847550a301d42a58b2073c845ae under trace ["gateway-prd-us-east1-c-crbn",{"micros":736,"calls":["id_created",{"micros":0,"calls":[]},"session_lookup_time",{"micros":421,"calls":[]},"session_lookup_finished",{"micros":12,"calls":[]},"discord-sessions-prd-2-6",{"micros":31}]}].
2023-12-01 21:18:19,670 - INFO - Websocket closed with WSCloseCode.ABNORMAL_CLOSURE, attempting a reconnect.
2023-12-01 21:18:19,671 - INFO - Got a request to RESUME the websocket.
2023-12-01 21:18:19,996 - INFO - Shard ID None has sent the RESUME payload.
2023-12-01 21:18:20,196 - INFO - Shard ID None has successfully RESUMED session 6dfb7847550a301d42a58b2073c845ae under trace ["gateway-prd-us-east1-b-szdd",{"micros":605,"calls":["id_created",{"micros":0,"calls":[]},"session_lookup_time",{"micros":298,"calls":[]},"session_lookup_finished",{"micros":12,"calls":[]},"discord-sessions-prd-2-6",{"micros":25}]}].
2023-12-01 22:23:39,019 - INFO - Websocket closed with 1001, attempting a reconnect.
2023-12-01 22:23:39,020 - INFO - Got a request to RESUME the websocket.
2023-12-01 22:23:39,376 - INFO - Shard ID None has sent the RESUME payload.
2023-12-01 22:23:39,579 - INFO - Shard ID None has successfully RESUMED session 6dfb7847550a301d42a58b2073c845ae under trace ["gateway-prd-us-east1-b-tttl",{"micros":701,"calls":["id_created",{"micros":0,"calls":[]},"session_lookup_time",{"micros":362,"calls":[]},"session_lookup_finished",{"micros":18,"calls":[]},"discord-sessions-prd-2-6",{"micros":28}]}].
2023-12-02 00:26:20,504 - INFO - Got a request to RESUME the websocket.
2023-12-02 00:26:20,827 - INFO - Shard ID None has sent the RESUME payload.
2023-12-02 00:26:21,054 - INFO - Shard ID None has successfully RESUMED session 6dfb7847550a301d42a58b2073c845ae under trace ["gateway-prd-us-east1-d-6d6l",{"micros":632,"calls":["id_created",{"micros":0,"calls":[]},"session_lookup_time",{"micros":340,"calls":[]},"session_lookup_finished",{"micros":21,"calls":[]},"discord-sessions-prd-2-6",{"micros":32}]}].
2023-12-02 02:05:30,355 - INFO - Got a request to RESUME the websocket.
2023-12-02 02:05:30,677 - INFO - Shard ID None has sent the RESUME payload.
2023-12-02 02:05:30,871 - INFO - Shard ID None has successfully RESUMED session 6dfb7847550a301d42a58b2073c845ae under trace ["gateway-prd-us-east1-b-p3zk",{"micros":898,"calls":["id_created",{"micros":0,"calls":[]},"session_lookup_time",{"micros":457,"calls":[]},"session_lookup_finished",{"micros":16,"calls":[]},"discord-sessions-prd-2-6",{"micros":29}]}].
2023-12-02 02:42:08,572 - INFO - Got a request to RESUME the websocket.
2023-12-02 02:42:08,879 - INFO - Shard ID None has sent the RESUME payload.
2023-12-02 02:42:09,104 - INFO - Shard ID None has successfully RESUMED session 6dfb7847550a301d42a58b2073c845ae under trace ["gateway-prd-us-east1-d-5zsm",{"micros":1551,"calls":["id_created",{"micros":0,"calls":[]},"session_lookup_time",{"micros":676,"calls":[]},"session_lookup_finished",{"micros":36,"calls":[]},"discord-sessions-prd-2-6",{"micros":31}]}].
2023-12-02 06:22:03,803 - INFO - Got a request to RESUME the websocket.
2023-12-02 06:22:04,136 - INFO - Shard ID None has sent the RESUME payload.
2023-12-02 06:22:04,365 - INFO - Shard ID None has successfully RESUMED session 6dfb7847550a301d42a58b2073c845ae under trace ["gateway-prd-us-east1-d-cmfc",{"micros":2984,"calls":["id_created",{"micros":0,"calls":[]},"session_lookup_time",{"micros":1529,"calls":[]},"session_lookup_finished",{"micros":13,"calls":[]},"discord-sessions-prd-2-6",{"micros":31}]}].
2023-12-02 07:12:49,262 - INFO - Got a request to RESUME the websocket.
2023-12-02 07:12:49,573 - INFO - Shard ID None has sent the RESUME payload.
2023-12-02 07:12:49,800 - INFO - Shard ID None has successfully RESUMED session 6dfb7847550a301d42a58b2073c845ae under trace ["gateway-prd-us-east1-c-45f3",{"micros":750,"calls":["id_created",{"micros":0,"calls":[]},"session_lookup_time",{"micros":372,"calls":[]},"session_lookup_finished",{"micros":15,"calls":[]},"discord-sessions-prd-2-6",{"micros":34}]}].
2023-12-02 08:18:41,440 - INFO - Got a request to RESUME the websocket.
2023-12-02 08:18:41,757 - INFO - Shard ID None has sent the RESUME payload.
2023-12-02 08:18:41,983 - INFO - Shard ID None has successfully RESUMED session 6dfb7847550a301d42a58b2073c845ae under trace ["gateway-prd-us-east1-b-0xl8",{"micros":767,"calls":["id_created",{"micros":0,"calls":[]},"session_lookup_time",{"micros":352,"calls":[]},"session_lookup_finished",{"micros":13,"calls":[]},"discord-sessions-prd-2-6",{"micros":28}]}].
2023-12-02 10:53:41,915 - INFO - Got a request to RESUME the websocket.
2023-12-02 10:53:42,255 - INFO - Shard ID None has sent the RESUME payload.
2023-12-02 10:53:42,482 - INFO - Shard ID None has successfully RESUMED session 6dfb7847550a301d42a58b2073c845ae under trace ["gateway-prd-us-east1-b-h7c3",{"micros":803,"calls":["id_created",{"micros":0,"calls":[]},"session_lookup_time",{"micros":334,"calls":[]},"session_lookup_finished",{"micros":12,"calls":[]},"discord-sessions-prd-2-6",{"micros":29}]}].
2023-12-02 14:49:37,289 - INFO - Got a request to RESUME the websocket.
2023-12-02 14:49:37,601 - INFO - Shard ID None has sent the RESUME payload.
2023-12-02 14:49:37,825 - INFO - Shard ID None has successfully RESUMED session 6dfb7847550a301d42a58b2073c845ae under trace ["gateway-prd-us-east1-b-wmv5",{"micros":726,"calls":["id_created",{"micros":0,"calls":[]},"session_lookup_time",{"micros":332,"calls":[]},"session_lookup_finished",{"micros":43,"calls":[]},"discord-sessions-prd-2-6",{"micros":31}]}].
2023-12-02 16:16:23,021 - INFO - Got a request to RESUME the websocket.
2023-12-02 16:16:23,364 - INFO - Shard ID None has sent the RESUME payload.
2023-12-02 16:16:23,593 - INFO - Shard ID None has successfully RESUMED session 6dfb7847550a301d42a58b2073c845ae under trace ["gateway-prd-us-east1-b-k8cp",{"micros":781,"calls":["id_created",{"micros":0,"calls":[]},"session_lookup_time",{"micros":418,"calls":[]},"session_lookup_finished",{"micros":17,"calls":[]},"discord-sessions-prd-2-6",{"micros":48}]}].
2023-12-02 17:11:24,996 - INFO - Got a request to RESUME the websocket.
2023-12-02 17:11:25,361 - INFO - Shard ID None has sent the RESUME payload.
2023-12-02 17:11:25,595 - INFO - Shard ID None has successfully RESUMED session 6dfb7847550a301d42a58b2073c845ae under trace ["gateway-prd-us-east1-d-6d6l",{"micros":7459,"calls":["id_created",{"micros":0,"calls":[]},"session_lookup_time",{"micros":7245,"calls":[]},"session_lookup_finished",{"micros":16,"calls":[]},"discord-sessions-prd-2-6",{"micros":24}]}].
2023-12-02 17:35:51,211 - INFO - Got a request to RESUME the websocket.
2023-12-02 17:35:51,573 - INFO - Shard ID None has sent the RESUME payload.
2023-12-02 17:35:51,785 - INFO - Shard ID None has successfully RESUMED session 6dfb7847550a301d42a58b2073c845ae under trace ["gateway-prd-us-east1-d-l4gd",{"micros":13250,"calls":["id_created",{"micros":0,"calls":[]},"session_lookup_time",{"micros":10990,"calls":[]},"session_lookup_finished",{"micros":45,"calls":[]},"discord-sessions-prd-2-6",{"micros":26}]}].
2023-12-02 18:40:10,253 - INFO - Got a request to RESUME the websocket.
2023-12-02 18:40:10,573 - INFO - Shard ID None has sent the RESUME payload.
2023-12-02 18:40:10,768 - INFO - Shard ID None has successfully RESUMED session 6dfb7847550a301d42a58b2073c845ae under trace ["gateway-prd-us-east1-d-2qhq",{"micros":595,"calls":["id_created",{"micros":0,"calls":[]},"session_lookup_time",{"micros":250,"calls":[]},"session_lookup_finished",{"micros":13,"calls":[]},"discord-sessions-prd-2-6",{"micros":67}]}].
2023-12-02 19:52:22,851 - INFO - Got a request to RESUME the websocket.
2023-12-02 19:52:23,197 - INFO - Shard ID None has sent the RESUME payload.
2023-12-02 19:52:23,392 - INFO - Shard ID None has successfully RESUMED session 6dfb7847550a301d42a58b2073c845ae under trace ["gateway-prd-us-east1-c-9d6b",{"micros":591,"calls":["id_created",{"micros":0,"calls":[]},"session_lookup_time",{"micros":313,"calls":[]},"session_lookup_finished",{"micros":12,"calls":[]},"discord-sessions-prd-2-6",{"micros":22}]}].
2023-12-02 21:35:37,157 - INFO - Got a request to RESUME the websocket.
2023-12-02 21:35:37,503 - INFO - Shard ID None has sent the RESUME payload.
2023-12-02 21:35:37,704 - INFO - Shard ID None has successfully RESUMED session 6dfb7847550a301d42a58b2073c845ae under trace ["gateway-prd-us-east1-c-n5cg",{"micros":736,"calls":["id_created",{"micros":0,"calls":[]},"session_lookup_time",{"micros":344,"calls":[]},"session_lookup_finished",{"micros":14,"calls":[]},"discord-sessions-prd-2-6",{"micros":25}]}].
